<?xml version="1.0" encoding="UTF-8"?>
<testsuite xmlns:xsi="http://www.w3.org/2001/XMLSchema-instance" xsi:noNamespaceSchemaLocation="https://maven.apache.org/surefire/maven-surefire-plugin/xsd/surefire-test-report-3.0.xsd" version="3.0" name="com.mq.test.MQQueueComparisonTest" time="1.522" tests="18" errors="0" skipped="18" failures="0">
  <properties>
    <property name="java.specification.version" value="24"/>
    <property name="sun.cpu.isalist" value="amd64"/>
    <property name="sun.jnu.encoding" value="Cp1252"/>
    <property name="java.class.path" value="D:\MQ\mq-queue-comparison-framework\target\test-classes;D:\MQ\mq-queue-comparison-framework\target\classes;C:\Users\arunp\.m2\repository\org\junit\jupiter\junit-jupiter\5.10.0\junit-jupiter-5.10.0.jar;C:\Users\arunp\.m2\repository\org\junit\jupiter\junit-jupiter-api\5.10.0\junit-jupiter-api-5.10.0.jar;C:\Users\arunp\.m2\repository\org\opentest4j\opentest4j\1.3.0\opentest4j-1.3.0.jar;C:\Users\arunp\.m2\repository\org\junit\platform\junit-platform-commons\1.10.0\junit-platform-commons-1.10.0.jar;C:\Users\arunp\.m2\repository\org\apiguardian\apiguardian-api\1.1.2\apiguardian-api-1.1.2.jar;C:\Users\arunp\.m2\repository\org\junit\jupiter\junit-jupiter-params\5.10.0\junit-jupiter-params-5.10.0.jar;C:\Users\arunp\.m2\repository\org\junit\jupiter\junit-jupiter-engine\5.10.0\junit-jupiter-engine-5.10.0.jar;C:\Users\arunp\.m2\repository\org\junit\platform\junit-platform-engine\1.10.0\junit-platform-engine-1.10.0.jar;C:\Users\arunp\.m2\repository\com\ibm\mq\com.ibm.mq.allclient\9.3.3.0\com.ibm.mq.allclient-9.3.3.0.jar;C:\Users\arunp\.m2\repository\org\bouncycastle\bcprov-jdk15to18\1.72\bcprov-jdk15to18-1.72.jar;C:\Users\arunp\.m2\repository\org\bouncycastle\bcpkix-jdk15to18\1.72\bcpkix-jdk15to18-1.72.jar;C:\Users\arunp\.m2\repository\org\bouncycastle\bcutil-jdk15to18\1.72\bcutil-jdk15to18-1.72.jar;C:\Users\arunp\.m2\repository\javax\jms\javax.jms-api\2.0.1\javax.jms-api-2.0.1.jar;C:\Users\arunp\.m2\repository\org\json\json\20230227\json-20230227.jar;C:\Users\arunp\.m2\repository\com\fasterxml\jackson\core\jackson-annotations\2.15.0\jackson-annotations-2.15.0.jar;C:\Users\arunp\.m2\repository\com\fasterxml\jackson\core\jackson-core\2.15.0\jackson-core-2.15.0.jar;C:\Users\arunp\.m2\repository\com\fasterxml\jackson\core\jackson-databind\2.15.0\jackson-databind-2.15.0.jar;C:\Users\arunp\.m2\repository\com\aventstack\extentreports\5.1.1\extentreports-5.1.1.jar;C:\Users\arunp\.m2\repository\io\reactivex\rxjava3\rxjava\3.1.6\rxjava-3.1.6.jar;C:\Users\arunp\.m2\repository\org\reactivestreams\reactive-streams\1.0.4\reactive-streams-1.0.4.jar;C:\Users\arunp\.m2\repository\org\freemarker\freemarker\2.3.32\freemarker-2.3.32.jar;C:\Users\arunp\.m2\repository\org\projectlombok\lombok\1.18.26\lombok-1.18.26.jar;C:\Users\arunp\.m2\repository\com\google\code\gson\gson\2.10.1\gson-2.10.1.jar;C:\Users\arunp\.m2\repository\org\slf4j\slf4j-simple\2.0.9\slf4j-simple-2.0.9.jar;C:\Users\arunp\.m2\repository\org\slf4j\slf4j-api\2.0.9\slf4j-api-2.0.9.jar;"/>
    <property name="java.vm.vendor" value="Oracle Corporation"/>
    <property name="sun.arch.data.model" value="64"/>
    <property name="user.variant" value=""/>
    <property name="java.vendor.url" value="https://java.oracle.com/"/>
    <property name="user.timezone" value="Asia/Calcutta"/>
    <property name="os.name" value="Windows 11"/>
    <property name="java.vm.specification.version" value="24"/>
    <property name="sun.java.launcher" value="SUN_STANDARD"/>
    <property name="user.country" value="IN"/>
    <property name="sun.boot.library.path" value="D:\java\openjdk-24.0.1_windows-x64_bin\jdk-24.0.1\bin"/>
    <property name="sun.java.command" value="C:\Users\arunp\AppData\Local\Temp\surefire11416919339052058746\surefirebooter-20251004135711155_3.jar C:\Users\arunp\AppData\Local\Temp\surefire11416919339052058746 2025-10-04T13-57-11_004-jvmRun1 surefire-20251004135711155_1tmp surefire_0-20251004135711155_2tmp"/>
    <property name="jdk.debug" value="release"/>
    <property name="surefire.test.class.path" value="D:\MQ\mq-queue-comparison-framework\target\test-classes;D:\MQ\mq-queue-comparison-framework\target\classes;C:\Users\arunp\.m2\repository\org\junit\jupiter\junit-jupiter\5.10.0\junit-jupiter-5.10.0.jar;C:\Users\arunp\.m2\repository\org\junit\jupiter\junit-jupiter-api\5.10.0\junit-jupiter-api-5.10.0.jar;C:\Users\arunp\.m2\repository\org\opentest4j\opentest4j\1.3.0\opentest4j-1.3.0.jar;C:\Users\arunp\.m2\repository\org\junit\platform\junit-platform-commons\1.10.0\junit-platform-commons-1.10.0.jar;C:\Users\arunp\.m2\repository\org\apiguardian\apiguardian-api\1.1.2\apiguardian-api-1.1.2.jar;C:\Users\arunp\.m2\repository\org\junit\jupiter\junit-jupiter-params\5.10.0\junit-jupiter-params-5.10.0.jar;C:\Users\arunp\.m2\repository\org\junit\jupiter\junit-jupiter-engine\5.10.0\junit-jupiter-engine-5.10.0.jar;C:\Users\arunp\.m2\repository\org\junit\platform\junit-platform-engine\1.10.0\junit-platform-engine-1.10.0.jar;C:\Users\arunp\.m2\repository\com\ibm\mq\com.ibm.mq.allclient\9.3.3.0\com.ibm.mq.allclient-9.3.3.0.jar;C:\Users\arunp\.m2\repository\org\bouncycastle\bcprov-jdk15to18\1.72\bcprov-jdk15to18-1.72.jar;C:\Users\arunp\.m2\repository\org\bouncycastle\bcpkix-jdk15to18\1.72\bcpkix-jdk15to18-1.72.jar;C:\Users\arunp\.m2\repository\org\bouncycastle\bcutil-jdk15to18\1.72\bcutil-jdk15to18-1.72.jar;C:\Users\arunp\.m2\repository\javax\jms\javax.jms-api\2.0.1\javax.jms-api-2.0.1.jar;C:\Users\arunp\.m2\repository\org\json\json\20230227\json-20230227.jar;C:\Users\arunp\.m2\repository\com\fasterxml\jackson\core\jackson-annotations\2.15.0\jackson-annotations-2.15.0.jar;C:\Users\arunp\.m2\repository\com\fasterxml\jackson\core\jackson-core\2.15.0\jackson-core-2.15.0.jar;C:\Users\arunp\.m2\repository\com\fasterxml\jackson\core\jackson-databind\2.15.0\jackson-databind-2.15.0.jar;C:\Users\arunp\.m2\repository\com\aventstack\extentreports\5.1.1\extentreports-5.1.1.jar;C:\Users\arunp\.m2\repository\io\reactivex\rxjava3\rxjava\3.1.6\rxjava-3.1.6.jar;C:\Users\arunp\.m2\repository\org\reactivestreams\reactive-streams\1.0.4\reactive-streams-1.0.4.jar;C:\Users\arunp\.m2\repository\org\freemarker\freemarker\2.3.32\freemarker-2.3.32.jar;C:\Users\arunp\.m2\repository\org\projectlombok\lombok\1.18.26\lombok-1.18.26.jar;C:\Users\arunp\.m2\repository\com\google\code\gson\gson\2.10.1\gson-2.10.1.jar;C:\Users\arunp\.m2\repository\org\slf4j\slf4j-simple\2.0.9\slf4j-simple-2.0.9.jar;C:\Users\arunp\.m2\repository\org\slf4j\slf4j-api\2.0.9\slf4j-api-2.0.9.jar;"/>
    <property name="sun.cpu.endian" value="little"/>
    <property name="user.home" value="C:\Users\arunp"/>
    <property name="user.language" value="en"/>
    <property name="java.specification.vendor" value="Oracle Corporation"/>
    <property name="java.version.date" value="2025-04-15"/>
    <property name="java.home" value="D:\java\openjdk-24.0.1_windows-x64_bin\jdk-24.0.1"/>
    <property name="file.separator" value="\"/>
    <property name="basedir" value="D:\MQ\mq-queue-comparison-framework"/>
    <property name="java.vm.compressedOopsMode" value="32-bit"/>
    <property name="line.separator" value="&#10;"/>
    <property name="java.vm.specification.vendor" value="Oracle Corporation"/>
    <property name="java.specification.name" value="Java Platform API Specification"/>
    <property name="surefire.real.class.path" value="C:\Users\arunp\AppData\Local\Temp\surefire11416919339052058746\surefirebooter-20251004135711155_3.jar"/>
    <property name="user.script" value=""/>
    <property name="sun.management.compiler" value="HotSpot 64-Bit Tiered Compilers"/>
    <property name="java.runtime.version" value="24.0.1+9-30"/>
    <property name="user.name" value="arunp"/>
    <property name="stdout.encoding" value="Cp1252"/>
    <property name="path.separator" value=";"/>
    <property name="os.version" value="10.0"/>
    <property name="java.runtime.name" value="OpenJDK Runtime Environment"/>
    <property name="file.encoding" value="UTF-8"/>
    <property name="java.vm.name" value="OpenJDK 64-Bit Server VM"/>
    <property name="localRepository" value="C:\Users\arunp\.m2\repository"/>
    <property name="java.vendor.url.bug" value="https://bugreport.java.com/bugreport/"/>
    <property name="java.io.tmpdir" value="C:\Users\arunp\AppData\Local\Temp\"/>
    <property name="java.version" value="24.0.1"/>
    <property name="user.dir" value="D:\MQ\mq-queue-comparison-framework"/>
    <property name="os.arch" value="amd64"/>
    <property name="java.vm.specification.name" value="Java Virtual Machine Specification"/>
    <property name="sun.os.patch.level" value=""/>
    <property name="native.encoding" value="Cp1252"/>
    <property name="java.library.path" value="D:\java\openjdk-24.0.1_windows-x64_bin\jdk-24.0.1\bin;C:\WINDOWS\Sun\Java\bin;C:\WINDOWS\system32;C:\WINDOWS;C:\Program Files (x86)\NVIDIA Corporation\PhysX\Common;C:\WINDOWS\system32;C:\WINDOWS;C:\WINDOWS\System32\Wbem;C:\WINDOWS\System32\WindowsPowerShell\v1.0\;C:\WINDOWS\System32\OpenSSH\;C:\Program Files\Microsoft SQL Server\Client SDK\ODBC\170\Tools\Binn\;C:\Program Files\dotnet\;C:\Program Files (x86)\dotnet\;D:\apache-maven-3.9.1-bin\apache-maven-3.9.1\bin;C;$JAVA_HOME\bin;D:\java\openjdk-24.0.1_windows-x64_bin\jdk-24.0.1\bin;C:\Program Files\Git\cmd;C:\Users\arunp\AppData\Local\Microsoft\WindowsApps;C:\Program Files\JetBrains\PyCharm Community Edition 2022.2.1\bin;;C:\Program Files\Azure Data Studio\bin;C:\Users\arunp\.dotnet\tools;D:\java\openjdk-24.0.1_windows-x64_bin\jdk-24.0.1\bin;;C:\Program Files\JetBrains\PyCharm 2025.1.2\bin;;C:\Users\arunp\AppData\Local\Programs\Microsoft VS Code\bin;C:\Users\arunp\AppData\Local\Microsoft\WinGet\Packages\yt-dlp.FFmpeg_Microsoft.Winget.Source_8wekyb3d8bbwe\ffmpeg-N-120424-g03b9180fe3-win64-gpl\bin;C:\Users\arunp\AppData\Local\Microsoft\WinGet\Packages\yt-dlp.yt-dlp_Microsoft.Winget.Source_8wekyb3d8bbwe;;."/>
    <property name="java.vm.info" value="mixed mode, sharing"/>
    <property name="stderr.encoding" value="Cp1252"/>
    <property name="java.vendor" value="Oracle Corporation"/>
    <property name="java.vm.version" value="24.0.1+9-30"/>
    <property name="sun.io.unicode.encoding" value="UnicodeLittle"/>
    <property name="java.class.version" value="68.0"/>
  </properties>
  <testcase name="testMessageCount" classname="com.mq.test.MQQueueComparisonTest" time="0">
    <skipped type="org.opentest4j.TestAbortedException"><![CDATA[org.opentest4j.TestAbortedException: Assumption failed: Setup failed: Unexpected Error: MQException - MQJE001: Completion Code '2', Reason '2538'.
	at org.junit.jupiter.api.Assumptions.throwAssumptionFailed(Assumptions.java:316)
	at org.junit.jupiter.api.Assumptions.assumeTrue(Assumptions.java:115)
	at com.mq.test.MQQueueComparisonTest.checkSetupSuccess(MQQueueComparisonTest.java:145)
	at com.mq.test.MQQueueComparisonTest.testMessageCount(MQQueueComparisonTest.java:153)
	at java.base/java.lang.reflect.Method.invoke(Method.java:565)
	at java.base/java.util.ArrayList.forEach(ArrayList.java:1604)
	at java.base/java.util.ArrayList.forEach(ArrayList.java:1604)
]]></skipped>
    <system-out><![CDATA[
╔══════════════════════════════════════════════════════════════════╗
║                IBM MQ QUEUE COMPARISON FRAMEWORK                 ║
╚══════════════════════════════════════════════════════════════════╝
[INFO] 13:57:12.151 - Starting MQ Queue Comparison Framework

┌──────────────────────────────────────────────────────────────────┐
│ Configuration                                                    │
└──────────────────────────────────────────────────────────────────┘
[SKIP] 13:57:12.966 - Test skipped due to setup failure: Unexpected Error: MQException - MQJE001: Completion Code '2', Reason '2538'.
]]></system-out>
    <system-err><![CDATA[
╔════════════════════════════════════════════════════════════════╗
║ ERROR: Setup Failed                                            ║
╠════════════════════════════════════════════════════════════════╣
║ Unexpected Error: MQException - MQJE001: Completion Code '2',  ║
║ Reason '2538'.                                                 ║
╚════════════════════════════════════════════════════════════════╝

]]></system-err>
  </testcase>
  <testcase name="testPayloadComparison" classname="com.mq.test.MQQueueComparisonTest" time="0">
    <skipped type="org.opentest4j.TestAbortedException"><![CDATA[org.opentest4j.TestAbortedException: Assumption failed: Setup failed: Unexpected Error: MQException - MQJE001: Completion Code '2', Reason '2538'.
	at org.junit.jupiter.api.Assumptions.throwAssumptionFailed(Assumptions.java:316)
	at org.junit.jupiter.api.Assumptions.assumeTrue(Assumptions.java:115)
	at com.mq.test.MQQueueComparisonTest.checkSetupSuccess(MQQueueComparisonTest.java:145)
	at com.mq.test.MQQueueComparisonTest.testPayloadComparison(MQQueueComparisonTest.java:173)
	at java.base/java.lang.reflect.Method.invoke(Method.java:565)
	at java.base/java.util.ArrayList.forEach(ArrayList.java:1604)
	at java.base/java.util.ArrayList.forEach(ArrayList.java:1604)
]]></skipped>
    <system-out><![CDATA[[SKIP] 13:57:12.990 - Test skipped due to setup failure: Unexpected Error: MQException - MQJE001: Completion Code '2', Reason '2538'.
]]></system-out>
  </testcase>
  <testcase name="testMessageIdComparison" classname="com.mq.test.MQQueueComparisonTest" time="0">
    <skipped type="org.opentest4j.TestAbortedException"><![CDATA[org.opentest4j.TestAbortedException: Assumption failed: Setup failed: Unexpected Error: MQException - MQJE001: Completion Code '2', Reason '2538'.
	at org.junit.jupiter.api.Assumptions.throwAssumptionFailed(Assumptions.java:316)
	at org.junit.jupiter.api.Assumptions.assumeTrue(Assumptions.java:115)
	at com.mq.test.MQQueueComparisonTest.checkSetupSuccess(MQQueueComparisonTest.java:145)
	at com.mq.test.MQQueueComparisonTest.testMessageIdComparison(MQQueueComparisonTest.java:194)
	at java.base/java.lang.reflect.Method.invoke(Method.java:565)
	at java.base/java.util.ArrayList.forEach(ArrayList.java:1604)
	at java.base/java.util.ArrayList.forEach(ArrayList.java:1604)
]]></skipped>
    <system-out><![CDATA[[SKIP] 13:57:12.998 - Test skipped due to setup failure: Unexpected Error: MQException - MQJE001: Completion Code '2', Reason '2538'.
]]></system-out>
  </testcase>
  <testcase name="testCorrelationIdComparison" classname="com.mq.test.MQQueueComparisonTest" time="0">
    <skipped type="org.opentest4j.TestAbortedException"><![CDATA[org.opentest4j.TestAbortedException: Assumption failed: Setup failed: Unexpected Error: MQException - MQJE001: Completion Code '2', Reason '2538'.
	at org.junit.jupiter.api.Assumptions.throwAssumptionFailed(Assumptions.java:316)
	at org.junit.jupiter.api.Assumptions.assumeTrue(Assumptions.java:115)
	at com.mq.test.MQQueueComparisonTest.checkSetupSuccess(MQQueueComparisonTest.java:145)
	at com.mq.test.MQQueueComparisonTest.testCorrelationIdComparison(MQQueueComparisonTest.java:213)
	at java.base/java.lang.reflect.Method.invoke(Method.java:565)
	at java.base/java.util.ArrayList.forEach(ArrayList.java:1604)
	at java.base/java.util.ArrayList.forEach(ArrayList.java:1604)
]]></skipped>
    <system-out><![CDATA[[SKIP] 13:57:13.004 - Test skipped due to setup failure: Unexpected Error: MQException - MQJE001: Completion Code '2', Reason '2538'.
]]></system-out>
  </testcase>
  <testcase name="testPriorityComparison" classname="com.mq.test.MQQueueComparisonTest" time="0">
    <skipped type="org.opentest4j.TestAbortedException"><![CDATA[org.opentest4j.TestAbortedException: Assumption failed: Setup failed: Unexpected Error: MQException - MQJE001: Completion Code '2', Reason '2538'.
	at org.junit.jupiter.api.Assumptions.throwAssumptionFailed(Assumptions.java:316)
	at org.junit.jupiter.api.Assumptions.assumeTrue(Assumptions.java:115)
	at com.mq.test.MQQueueComparisonTest.checkSetupSuccess(MQQueueComparisonTest.java:145)
	at com.mq.test.MQQueueComparisonTest.testPriorityComparison(MQQueueComparisonTest.java:232)
	at java.base/java.lang.reflect.Method.invoke(Method.java:565)
	at java.base/java.util.ArrayList.forEach(ArrayList.java:1604)
	at java.base/java.util.ArrayList.forEach(ArrayList.java:1604)
]]></skipped>
    <system-out><![CDATA[[SKIP] 13:57:13.008 - Test skipped due to setup failure: Unexpected Error: MQException - MQJE001: Completion Code '2', Reason '2538'.
]]></system-out>
  </testcase>
  <testcase name="testMessageOrdering" classname="com.mq.test.MQQueueComparisonTest" time="0">
    <skipped type="org.opentest4j.TestAbortedException"><![CDATA[org.opentest4j.TestAbortedException: Assumption failed: Setup failed: Unexpected Error: MQException - MQJE001: Completion Code '2', Reason '2538'.
	at org.junit.jupiter.api.Assumptions.throwAssumptionFailed(Assumptions.java:316)
	at org.junit.jupiter.api.Assumptions.assumeTrue(Assumptions.java:115)
	at com.mq.test.MQQueueComparisonTest.checkSetupSuccess(MQQueueComparisonTest.java:145)
	at com.mq.test.MQQueueComparisonTest.testMessageOrdering(MQQueueComparisonTest.java:251)
	at java.base/java.lang.reflect.Method.invoke(Method.java:565)
	at java.base/java.util.ArrayList.forEach(ArrayList.java:1604)
	at java.base/java.util.ArrayList.forEach(ArrayList.java:1604)
]]></skipped>
    <system-out><![CDATA[[SKIP] 13:57:13.016 - Test skipped due to setup failure: Unexpected Error: MQException - MQJE001: Completion Code '2', Reason '2538'.
]]></system-out>
  </testcase>
  <testcase name="testEmptyQueues" classname="com.mq.test.MQQueueComparisonTest" time="0">
    <skipped type="org.opentest4j.TestAbortedException"><![CDATA[org.opentest4j.TestAbortedException: Assumption failed: Setup failed: Unexpected Error: MQException - MQJE001: Completion Code '2', Reason '2538'.
	at org.junit.jupiter.api.Assumptions.throwAssumptionFailed(Assumptions.java:316)
	at org.junit.jupiter.api.Assumptions.assumeTrue(Assumptions.java:115)
	at com.mq.test.MQQueueComparisonTest.checkSetupSuccess(MQQueueComparisonTest.java:145)
	at com.mq.test.MQQueueComparisonTest.testEmptyQueues(MQQueueComparisonTest.java:270)
	at java.base/java.lang.reflect.Method.invoke(Method.java:565)
	at java.base/java.util.ArrayList.forEach(ArrayList.java:1604)
	at java.base/java.util.ArrayList.forEach(ArrayList.java:1604)
]]></skipped>
    <system-out><![CDATA[[SKIP] 13:57:13.021 - Test skipped due to setup failure: Unexpected Error: MQException - MQJE001: Completion Code '2', Reason '2538'.
]]></system-out>
  </testcase>
  <testcase name="testFormatComparison" classname="com.mq.test.MQQueueComparisonTest" time="0">
    <skipped type="org.opentest4j.TestAbortedException"><![CDATA[org.opentest4j.TestAbortedException: Assumption failed: Setup failed: Unexpected Error: MQException - MQJE001: Completion Code '2', Reason '2538'.
	at org.junit.jupiter.api.Assumptions.throwAssumptionFailed(Assumptions.java:316)
	at org.junit.jupiter.api.Assumptions.assumeTrue(Assumptions.java:115)
	at com.mq.test.MQQueueComparisonTest.checkSetupSuccess(MQQueueComparisonTest.java:145)
	at com.mq.test.MQQueueComparisonTest.testFormatComparison(MQQueueComparisonTest.java:297)
	at java.base/java.lang.reflect.Method.invoke(Method.java:565)
	at java.base/java.util.ArrayList.forEach(ArrayList.java:1604)
	at java.base/java.util.ArrayList.forEach(ArrayList.java:1604)
]]></skipped>
    <system-out><![CDATA[[SKIP] 13:57:13.032 - Test skipped due to setup failure: Unexpected Error: MQException - MQJE001: Completion Code '2', Reason '2538'.
]]></system-out>
  </testcase>
  <testcase name="testTimestampComparison" classname="com.mq.test.MQQueueComparisonTest" time="0">
    <skipped type="org.opentest4j.TestAbortedException"><![CDATA[org.opentest4j.TestAbortedException: Assumption failed: Setup failed: Unexpected Error: MQException - MQJE001: Completion Code '2', Reason '2538'.
	at org.junit.jupiter.api.Assumptions.throwAssumptionFailed(Assumptions.java:316)
	at org.junit.jupiter.api.Assumptions.assumeTrue(Assumptions.java:115)
	at com.mq.test.MQQueueComparisonTest.checkSetupSuccess(MQQueueComparisonTest.java:145)
	at com.mq.test.MQQueueComparisonTest.testTimestampComparison(MQQueueComparisonTest.java:316)
	at java.base/java.lang.reflect.Method.invoke(Method.java:565)
	at java.base/java.util.ArrayList.forEach(ArrayList.java:1604)
	at java.base/java.util.ArrayList.forEach(ArrayList.java:1604)
]]></skipped>
    <system-out><![CDATA[[SKIP] 13:57:13.035 - Test skipped due to setup failure: Unexpected Error: MQException - MQJE001: Completion Code '2', Reason '2538'.
]]></system-out>
  </testcase>
  <testcase name="testPropertyComparison" classname="com.mq.test.MQQueueComparisonTest" time="0">
    <skipped type="org.opentest4j.TestAbortedException"><![CDATA[org.opentest4j.TestAbortedException: Assumption failed: Setup failed: Unexpected Error: MQException - MQJE001: Completion Code '2', Reason '2538'.
	at org.junit.jupiter.api.Assumptions.throwAssumptionFailed(Assumptions.java:316)
	at org.junit.jupiter.api.Assumptions.assumeTrue(Assumptions.java:115)
	at com.mq.test.MQQueueComparisonTest.checkSetupSuccess(MQQueueComparisonTest.java:145)
	at com.mq.test.MQQueueComparisonTest.testPropertyComparison(MQQueueComparisonTest.java:337)
	at java.base/java.lang.reflect.Method.invoke(Method.java:565)
	at java.base/java.util.ArrayList.forEach(ArrayList.java:1604)
	at java.base/java.util.ArrayList.forEach(ArrayList.java:1604)
]]></skipped>
    <system-out><![CDATA[[SKIP] 13:57:13.038 - Test skipped due to setup failure: Unexpected Error: MQException - MQJE001: Completion Code '2', Reason '2538'.
]]></system-out>
  </testcase>
  <testcase name="testPayloadLengthComparison" classname="com.mq.test.MQQueueComparisonTest" time="0">
    <skipped type="org.opentest4j.TestAbortedException"><![CDATA[org.opentest4j.TestAbortedException: Assumption failed: Setup failed: Unexpected Error: MQException - MQJE001: Completion Code '2', Reason '2538'.
	at org.junit.jupiter.api.Assumptions.throwAssumptionFailed(Assumptions.java:316)
	at org.junit.jupiter.api.Assumptions.assumeTrue(Assumptions.java:115)
	at com.mq.test.MQQueueComparisonTest.checkSetupSuccess(MQQueueComparisonTest.java:145)
	at com.mq.test.MQQueueComparisonTest.testPayloadLengthComparison(MQQueueComparisonTest.java:356)
	at java.base/java.lang.reflect.Method.invoke(Method.java:565)
	at java.base/java.util.ArrayList.forEach(ArrayList.java:1604)
	at java.base/java.util.ArrayList.forEach(ArrayList.java:1604)
]]></skipped>
    <system-out><![CDATA[[SKIP] 13:57:13.046 - Test skipped due to setup failure: Unexpected Error: MQException - MQJE001: Completion Code '2', Reason '2538'.
]]></system-out>
  </testcase>
  <testcase name="testPayloadStructureComparison" classname="com.mq.test.MQQueueComparisonTest" time="0">
    <skipped type="org.opentest4j.TestAbortedException"><![CDATA[org.opentest4j.TestAbortedException: Assumption failed: Setup failed: Unexpected Error: MQException - MQJE001: Completion Code '2', Reason '2538'.
	at org.junit.jupiter.api.Assumptions.throwAssumptionFailed(Assumptions.java:316)
	at org.junit.jupiter.api.Assumptions.assumeTrue(Assumptions.java:115)
	at com.mq.test.MQQueueComparisonTest.checkSetupSuccess(MQQueueComparisonTest.java:145)
	at com.mq.test.MQQueueComparisonTest.testPayloadStructureComparison(MQQueueComparisonTest.java:375)
	at java.base/java.lang.reflect.Method.invoke(Method.java:565)
	at java.base/java.util.ArrayList.forEach(ArrayList.java:1604)
	at java.base/java.util.ArrayList.forEach(ArrayList.java:1604)
]]></skipped>
    <system-out><![CDATA[[SKIP] 13:57:13.050 - Test skipped due to setup failure: Unexpected Error: MQException - MQJE001: Completion Code '2', Reason '2538'.
]]></system-out>
  </testcase>
  <testcase name="testDuplicatesQueue1" classname="com.mq.test.MQQueueComparisonTest" time="0">
    <skipped type="org.opentest4j.TestAbortedException"><![CDATA[org.opentest4j.TestAbortedException: Assumption failed: Setup failed: Unexpected Error: MQException - MQJE001: Completion Code '2', Reason '2538'.
	at org.junit.jupiter.api.Assumptions.throwAssumptionFailed(Assumptions.java:316)
	at org.junit.jupiter.api.Assumptions.assumeTrue(Assumptions.java:115)
	at com.mq.test.MQQueueComparisonTest.checkSetupSuccess(MQQueueComparisonTest.java:145)
	at com.mq.test.MQQueueComparisonTest.testDuplicatesQueue1(MQQueueComparisonTest.java:394)
	at java.base/java.lang.reflect.Method.invoke(Method.java:565)
	at java.base/java.util.ArrayList.forEach(ArrayList.java:1604)
	at java.base/java.util.ArrayList.forEach(ArrayList.java:1604)
]]></skipped>
    <system-out><![CDATA[[SKIP] 13:57:13.053 - Test skipped due to setup failure: Unexpected Error: MQException - MQJE001: Completion Code '2', Reason '2538'.
]]></system-out>
  </testcase>
  <testcase name="testDuplicatesQueue2" classname="com.mq.test.MQQueueComparisonTest" time="0">
    <skipped type="org.opentest4j.TestAbortedException"><![CDATA[org.opentest4j.TestAbortedException: Assumption failed: Setup failed: Unexpected Error: MQException - MQJE001: Completion Code '2', Reason '2538'.
	at org.junit.jupiter.api.Assumptions.throwAssumptionFailed(Assumptions.java:316)
	at org.junit.jupiter.api.Assumptions.assumeTrue(Assumptions.java:115)
	at com.mq.test.MQQueueComparisonTest.checkSetupSuccess(MQQueueComparisonTest.java:145)
	at com.mq.test.MQQueueComparisonTest.testDuplicatesQueue2(MQQueueComparisonTest.java:413)
	at java.base/java.lang.reflect.Method.invoke(Method.java:565)
	at java.base/java.util.ArrayList.forEach(ArrayList.java:1604)
	at java.base/java.util.ArrayList.forEach(ArrayList.java:1604)
]]></skipped>
    <system-out><![CDATA[[SKIP] 13:57:13.059 - Test skipped due to setup failure: Unexpected Error: MQException - MQJE001: Completion Code '2', Reason '2538'.
]]></system-out>
  </testcase>
  <testcase name="testSequenceQueue1" classname="com.mq.test.MQQueueComparisonTest" time="0">
    <skipped type="org.opentest4j.TestAbortedException"><![CDATA[org.opentest4j.TestAbortedException: Assumption failed: Setup failed: Unexpected Error: MQException - MQJE001: Completion Code '2', Reason '2538'.
	at org.junit.jupiter.api.Assumptions.throwAssumptionFailed(Assumptions.java:316)
	at org.junit.jupiter.api.Assumptions.assumeTrue(Assumptions.java:115)
	at com.mq.test.MQQueueComparisonTest.checkSetupSuccess(MQQueueComparisonTest.java:145)
	at com.mq.test.MQQueueComparisonTest.testSequenceQueue1(MQQueueComparisonTest.java:432)
	at java.base/java.lang.reflect.Method.invoke(Method.java:565)
	at java.base/java.util.ArrayList.forEach(ArrayList.java:1604)
	at java.base/java.util.ArrayList.forEach(ArrayList.java:1604)
]]></skipped>
    <system-out><![CDATA[[SKIP] 13:57:13.065 - Test skipped due to setup failure: Unexpected Error: MQException - MQJE001: Completion Code '2', Reason '2538'.
]]></system-out>
  </testcase>
  <testcase name="testSequenceQueue2" classname="com.mq.test.MQQueueComparisonTest" time="0">
    <skipped type="org.opentest4j.TestAbortedException"><![CDATA[org.opentest4j.TestAbortedException: Assumption failed: Setup failed: Unexpected Error: MQException - MQJE001: Completion Code '2', Reason '2538'.
	at org.junit.jupiter.api.Assumptions.throwAssumptionFailed(Assumptions.java:316)
	at org.junit.jupiter.api.Assumptions.assumeTrue(Assumptions.java:115)
	at com.mq.test.MQQueueComparisonTest.checkSetupSuccess(MQQueueComparisonTest.java:145)
	at com.mq.test.MQQueueComparisonTest.testSequenceQueue2(MQQueueComparisonTest.java:451)
	at java.base/java.lang.reflect.Method.invoke(Method.java:565)
	at java.base/java.util.ArrayList.forEach(ArrayList.java:1604)
	at java.base/java.util.ArrayList.forEach(ArrayList.java:1604)
]]></skipped>
    <system-out><![CDATA[[SKIP] 13:57:13.069 - Test skipped due to setup failure: Unexpected Error: MQException - MQJE001: Completion Code '2', Reason '2538'.
]]></system-out>
  </testcase>
  <testcase name="testPayloadChecksumComparison" classname="com.mq.test.MQQueueComparisonTest" time="0">
    <skipped type="org.opentest4j.TestAbortedException"><![CDATA[org.opentest4j.TestAbortedException: Assumption failed: Setup failed: Unexpected Error: MQException - MQJE001: Completion Code '2', Reason '2538'.
	at org.junit.jupiter.api.Assumptions.throwAssumptionFailed(Assumptions.java:316)
	at org.junit.jupiter.api.Assumptions.assumeTrue(Assumptions.java:115)
	at com.mq.test.MQQueueComparisonTest.checkSetupSuccess(MQQueueComparisonTest.java:145)
	at com.mq.test.MQQueueComparisonTest.testPayloadChecksumComparison(MQQueueComparisonTest.java:470)
	at java.base/java.lang.reflect.Method.invoke(Method.java:565)
	at java.base/java.util.ArrayList.forEach(ArrayList.java:1604)
	at java.base/java.util.ArrayList.forEach(ArrayList.java:1604)
]]></skipped>
    <system-out><![CDATA[[SKIP] 13:57:13.073 - Test skipped due to setup failure: Unexpected Error: MQException - MQJE001: Completion Code '2', Reason '2538'.
]]></system-out>
  </testcase>
  <testcase name="testStatisticalSummary" classname="com.mq.test.MQQueueComparisonTest" time="0">
    <skipped type="org.opentest4j.TestAbortedException"><![CDATA[org.opentest4j.TestAbortedException: Assumption failed: Setup failed: Unexpected Error: MQException - MQJE001: Completion Code '2', Reason '2538'.
	at org.junit.jupiter.api.Assumptions.throwAssumptionFailed(Assumptions.java:316)
	at org.junit.jupiter.api.Assumptions.assumeTrue(Assumptions.java:115)
	at com.mq.test.MQQueueComparisonTest.checkSetupSuccess(MQQueueComparisonTest.java:145)
	at com.mq.test.MQQueueComparisonTest.testStatisticalSummary(MQQueueComparisonTest.java:489)
	at java.base/java.lang.reflect.Method.invoke(Method.java:565)
	at java.base/java.util.ArrayList.forEach(ArrayList.java:1604)
	at java.base/java.util.ArrayList.forEach(ArrayList.java:1604)
]]></skipped>
    <system-out><![CDATA[[SKIP] 13:57:13.081 - Test skipped due to setup failure: Unexpected Error: MQException - MQJE001: Completion Code '2', Reason '2538'.
]]></system-out>
  </testcase>
</testsuite>