<?xml version="1.0" encoding="UTF-8"?>
<testsuite xmlns:xsi="http://www.w3.org/2001/XMLSchema-instance" xsi:noNamespaceSchemaLocation="https://maven.apache.org/surefire/maven-surefire-plugin/xsd/surefire-test-report-3.0.xsd" version="3.0" name="com.mq.test.MQQueueComparisonTest" time="1.522" tests="18" errors="0" skipped="18" failures="0">
  <properties>
[...]
</properties>
  <testcase name="testMessageCount" classname="com.mq.test.MQQueueComparisonTest" time="0">
    <skipped type="org.opentest4j.TestAbortedException"><![CDATA[org.opentest4j.TestAbortedException: Assumption failed: Setup failed: Unexpected Error: MQException - MQJE001: Completion Code '2', Reason '2538'.
	at org.junit.jupiter.api.Assumptions.throwAssumptionFailed(Assumptions.java:316)
	at org.junit.jupiter.api.Assumptions.assumeTrue(Assumptions.java:115)
	at com.mq.test.MQQueueComparisonTest.checkSetupSuccess(MQQueueComparisonTest.java:145)
	at com.mq.test.MQQueueComparisonTest.testMessageCount(MQQueueComparisonTest.java:153)
	at java.base/java.lang.reflect.Method.invoke(Method.java:565)
	at java.base/java.util.ArrayList.forEach(ArrayList.java:1604)
	at java.base/java.util.ArrayList.forEach(ArrayList.java:1604)
]]></skipped>
    <system-out><![CDATA[
╔══════════════════════════════════════════════════════════════════╗
║                IBM MQ QUEUE COMPARISON FRAMEWORK                 ║
╚══════════════════════════════════════════════════════════════════╝
[INFO] 13:57:12.151 - Starting MQ Queue Comparison Framework

┌──────────────────────────────────────────────────────────────────┐
│ Configuration                                                    │
└──────────────────────────────────────────────────────────────────┘
[SKIP] 13:57:12.966 - Test skipped due to setup failure: Unexpected Error: MQException - MQJE001: Completion Code '2', Reason '2538'.
]]></system-out>
    <system-err><![CDATA[
╔════════════════════════════════════════════════════════════════╗
║ ERROR: Setup Failed                                            ║
╠════════════════════════════════════════════════════════════════╣
║ Unexpected Error: MQException - MQJE001: Completion Code '2',  ║
║ Reason '2538'.                                                 ║
╚════════════════════════════════════════════════════════════════╝

]]></system-err>
  </testcase>
  <testcase name="testPayloadComparison" classname="com.mq.test.MQQueueComparisonTest" time="0">
    <skipped type="org.opentest4j.TestAbortedException"><![CDATA[org.opentest4j.TestAbortedException: Assumption failed: Setup failed: Unexpected Error: MQException - MQJE001: Completion Code '2', Reason '2538'.
	at org.junit.jupiter.api.Assumptions.throwAssumptionFailed(Assumptions.java:316)
	at org.junit.jupiter.api.Assumptions.assumeTrue(Assumptions.java:115)
	at com.mq.test.MQQueueComparisonTest.checkSetupSuccess(MQQueueComparisonTest.java:145)
	at com.mq.test.MQQueueComparisonTest.testPayloadComparison(MQQueueComparisonTest.java:173)
	at java.base/java.lang.reflect.Method.invoke(Method.java:565)
	at java.base/java.util.ArrayList.forEach(ArrayList.java:1604)
	at java.base/java.util.ArrayList.forEach(ArrayList.java:1604)
]]></skipped>
    <system-out><![CDATA[[SKIP] 13:57:12.990 - Test skipped due to setup failure: Unexpected Error: MQException - MQJE001: Completion Code '2', Reason '2538'.
]]></system-out>
  </testcase>
  <testcase name="testMessageIdComparison" classname="com.mq.test.MQQueueComparisonTest" time="0">
    <skipped type="org.opentest4j.TestAbortedException"><![CDATA[org.opentest4j.TestAbortedException: Assumption failed: Setup failed: Unexpected Error: MQException - MQJE001: Completion Code '2', Reason '2538'.
	at org.junit.jupiter.api.Assumptions.throwAssumptionFailed(Assumptions.java:316)
	at org.junit.jupiter.api.Assumptions.assumeTrue(Assumptions.java:115)
	at com.mq.test.MQQueueComparisonTest.checkSetupSuccess(MQQueueComparisonTest.java:145)
	at com.mq.test.MQQueueComparisonTest.testMessageIdComparison(MQQueueComparisonTest.java:194)
	at java.base/java.lang.reflect.Method.invoke(Method.java:565)
	at java.base/java.util.ArrayList.forEach(ArrayList.java:1604)
	at java.base/java.util.ArrayList.forEach(ArrayList.java:1604)
]]></skipped>
    <system-out><![CDATA[[SKIP] 13:57:12.998 - Test skipped due to setup failure: Unexpected Error: MQException - MQJE001: Completion Code '2', Reason '2538'.
]]></system-out>
  </testcase>
  <testcase name="testCorrelationIdComparison" classname="com.mq.test.MQQueueComparisonTest" time="0">
    <skipped type="org.opentest4j.TestAbortedException"><![CDATA[org.opentest4j.TestAbortedException: Assumption failed: Setup failed: Unexpected Error: MQException - MQJE001: Completion Code '2', Reason '2538'.
	at org.junit.jupiter.api.Assumptions.throwAssumptionFailed(Assumptions.java:316)
	at org.junit.jupiter.api.Assumptions.assumeTrue(Assumptions.java:115)
	at com.mq.test.MQQueueComparisonTest.checkSetupSuccess(MQQueueComparisonTest.java:145)
	at com.mq.test.MQQueueComparisonTest.testCorrelationIdComparison(MQQueueComparisonTest.java:213)
	at java.base/java.lang.reflect.Method.invoke(Method.java:565)
	at java.base/java.util.ArrayList.forEach(ArrayList.java:1604)
	at java.base/java.util.ArrayList.forEach(ArrayList.java:1604)
]]></skipped>
    <system-out><![CDATA[[SKIP] 13:57:13.004 - Test skipped due to setup failure: Unexpected Error: MQException - MQJE001: Completion Code '2', Reason '2538'.
]]></system-out>
  </testcase>
  <testcase name="testPriorityComparison" classname="com.mq.test.MQQueueComparisonTest" time="0">
    <skipped type="org.opentest4j.TestAbortedException"><![CDATA[org.opentest4j.TestAbortedException: Assumption failed: Setup failed: Unexpected Error: MQException - MQJE001: Completion Code '2', Reason '2538'.
	at org.junit.jupiter.api.Assumptions.throwAssumptionFailed(Assumptions.java:316)
	at org.junit.jupiter.api.Assumptions.assumeTrue(Assumptions.java:115)
	at com.mq.test.MQQueueComparisonTest.checkSetupSuccess(MQQueueComparisonTest.java:145)
	at com.mq.test.MQQueueComparisonTest.testPriorityComparison(MQQueueComparisonTest.java:232)
	at java.base/java.lang.reflect.Method.invoke(Method.java:565)
	at java.base/java.util.ArrayList.forEach(ArrayList.java:1604)
	at java.base/java.util.ArrayList.forEach(ArrayList.java:1604)
]]></skipped>
    <system-out><![CDATA[[SKIP] 13:57:13.008 - Test skipped due to setup failure: Unexpected Error: MQException - MQJE001: Completion Code '2', Reason '2538'.
]]></system-out>
  </testcase>
  <testcase name="testMessageOrdering" classname="com.mq.test.MQQueueComparisonTest" time="0">
    <skipped type="org.opentest4j.TestAbortedException"><![CDATA[org.opentest4j.TestAbortedException: Assumption failed: Setup failed: Unexpected Error: MQException - MQJE001: Completion Code '2', Reason '2538'.
	at org.junit.jupiter.api.Assumptions.throwAssumptionFailed(Assumptions.java:316)
	at org.junit.jupiter.api.Assumptions.assumeTrue(Assumptions.java:115)
	at com.mq.test.MQQueueComparisonTest.checkSetupSuccess(MQQueueComparisonTest.java:145)
	at com.mq.test.MQQueueComparisonTest.testMessageOrdering(MQQueueComparisonTest.java:251)
	at java.base/java.lang.reflect.Method.invoke(Method.java:565)
	at java.base/java.util.ArrayList.forEach(ArrayList.java:1604)
	at java.base/java.util.ArrayList.forEach(ArrayList.java:1604)
]]></skipped>
    <system-out><![CDATA[[SKIP] 13:57:13.016 - Test skipped due to setup failure: Unexpected Error: MQException - MQJE001: Completion Code '2', Reason '2538'.
]]></system-out>
  </testcase>
  <testcase name="testEmptyQueues" classname="com.mq.test.MQQueueComparisonTest" time="0">
    <skipped type="org.opentest4j.TestAbortedException"><![CDATA[org.opentest4j.TestAbortedException: Assumption failed: Setup failed: Unexpected Error: MQException - MQJE001: Completion Code '2', Reason '2538'.
	at org.junit.jupiter.api.Assumptions.throwAssumptionFailed(Assumptions.java:316)
	at org.junit.jupiter.api.Assumptions.assumeTrue(Assumptions.java:115)
	at com.mq.test.MQQueueComparisonTest.checkSetupSuccess(MQQueueComparisonTest.java:145)
	at com.mq.test.MQQueueComparisonTest.testEmptyQueues(MQQueueComparisonTest.java:270)
	at java.base/java.lang.reflect.Method.invoke(Method.java:565)
	at java.base/java.util.ArrayList.forEach(ArrayList.java:1604)
	at java.base/java.util.ArrayList.forEach(ArrayList.java:1604)
]]></skipped>
    <system-out><![CDATA[[SKIP] 13:57:13.021 - Test skipped due to setup failure: Unexpected Error: MQException - MQJE001: Completion Code '2', Reason '2538'.
]]></system-out>
  </testcase>
  <testcase name="testFormatComparison" classname="com.mq.test.MQQueueComparisonTest" time="0">
    <skipped type="org.opentest4j.TestAbortedException"><![CDATA[org.opentest4j.TestAbortedException: Assumption failed: Setup failed: Unexpected Error: MQException - MQJE001: Completion Code '2', Reason '2538'.
	at org.junit.jupiter.api.Assumptions.throwAssumptionFailed(Assumptions.java:316)
	at org.junit.jupiter.api.Assumptions.assumeTrue(Assumptions.java:115)
	at com.mq.test.MQQueueComparisonTest.checkSetupSuccess(MQQueueComparisonTest.java:145)
	at com.mq.test.MQQueueComparisonTest.testFormatComparison(MQQueueComparisonTest.java:297)
	at java.base/java.lang.reflect.Method.invoke(Method.java:565)
	at java.base/java.util.ArrayList.forEach(ArrayList.java:1604)
	at java.base/java.util.ArrayList.forEach(ArrayList.java:1604)
]]></skipped>
    <system-out><![CDATA[[SKIP] 13:57:13.032 - Test skipped due to setup failure: Unexpected Error: MQException - MQJE001: Completion Code '2', Reason '2538'.
]]></system-out>
  </testcase>
  <testcase name="testTimestampComparison" classname="com.mq.test.MQQueueComparisonTest" time="0">
    <skipped type="org.opentest4j.TestAbortedException"><![CDATA[org.opentest4j.TestAbortedException: Assumption failed: Setup failed: Unexpected Error: MQException - MQJE001: Completion Code '2', Reason '2538'.
	at org.junit.jupiter.api.Assumptions.throwAssumptionFailed(Assumptions.java:316)
	at org.junit.jupiter.api.Assumptions.assumeTrue(Assumptions.java:115)
	at com.mq.test.MQQueueComparisonTest.checkSetupSuccess(MQQueueComparisonTest.java:145)
	at com.mq.test.MQQueueComparisonTest.testTimestampComparison(MQQueueComparisonTest.java:316)
	at java.base/java.lang.reflect.Method.invoke(Method.java:565)
	at java.base/java.util.ArrayList.forEach(ArrayList.java:1604)
	at java.base/java.util.ArrayList.forEach(ArrayList.java:1604)
]]></skipped>
    <system-out><![CDATA[[SKIP] 13:57:13.035 - Test skipped due to setup failure: Unexpected Error: MQException - MQJE001: Completion Code '2', Reason '2538'.
]]></system-out>
  </testcase>
  <testcase name="testPropertyComparison" classname="com.mq.test.MQQueueComparisonTest" time="0">
    <skipped type="org.opentest4j.TestAbortedException"><![CDATA[org.opentest4j.TestAbortedException: Assumption failed: Setup failed: Unexpected Error: MQException - MQJE001: Completion Code '2', Reason '2538'.
	at org.junit.jupiter.api.Assumptions.throwAssumptionFailed(Assumptions.java:316)
	at org.junit.jupiter.api.Assumptions.assumeTrue(Assumptions.java:115)
	at com.mq.test.MQQueueComparisonTest.checkSetupSuccess(MQQueueComparisonTest.java:145)
	at com.mq.test.MQQueueComparisonTest.testPropertyComparison(MQQueueComparisonTest.java:337)
	at java.base/java.lang.reflect.Method.invoke(Method.java:565)
	at java.base/java.util.ArrayList.forEach(ArrayList.java:1604)
	at java.base/java.util.ArrayList.forEach(ArrayList.java:1604)
]]></skipped>
    <system-out><![CDATA[[SKIP] 13:57:13.038 - Test skipped due to setup failure: Unexpected Error: MQException - MQJE001: Completion Code '2', Reason '2538'.
]]></system-out>
  </testcase>
  <testcase name="testPayloadLengthComparison" classname="com.mq.test.MQQueueComparisonTest" time="0">
    <skipped type="org.opentest4j.TestAbortedException"><![CDATA[org.opentest4j.TestAbortedException: Assumption failed: Setup failed: Unexpected Error: MQException - MQJE001: Completion Code '2', Reason '2538'.
	at org.junit.jupiter.api.Assumptions.throwAssumptionFailed(Assumptions.java:316)
	at org.junit.jupiter.api.Assumptions.assumeTrue(Assumptions.java:115)
	at com.mq.test.MQQueueComparisonTest.checkSetupSuccess(MQQueueComparisonTest.java:145)
	at com.mq.test.MQQueueComparisonTest.testPayloadLengthComparison(MQQueueComparisonTest.java:356)
	at java.base/java.lang.reflect.Method.invoke(Method.java:565)
	at java.base/java.util.ArrayList.forEach(ArrayList.java:1604)
	at java.base/java.util.ArrayList.forEach(ArrayList.java:1604)
]]></skipped>
    <system-out><![CDATA[[SKIP] 13:57:13.046 - Test skipped due to setup failure: Unexpected Error: MQException - MQJE001: Completion Code '2', Reason '2538'.
]]></system-out>
  </testcase>
  <testcase name="testPayloadStructureComparison" classname="com.mq.test.MQQueueComparisonTest" time="0">
    <skipped type="org.opentest4j.TestAbortedException"><![CDATA[org.opentest4j.TestAbortedException: Assumption failed: Setup failed: Unexpected Error: MQException - MQJE001: Completion Code '2', Reason '2538'.
	at org.junit.jupiter.api.Assumptions.throwAssumptionFailed(Assumptions.java:316)
	at org.junit.jupiter.api.Assumptions.assumeTrue(Assumptions.java:115)
	at com.mq.test.MQQueueComparisonTest.checkSetupSuccess(MQQueueComparisonTest.java:145)
	at com.mq.test.MQQueueComparisonTest.testPayloadStructureComparison(MQQueueComparisonTest.java:375)
	at java.base/java.lang.reflect.Method.invoke(Method.java:565)
	at java.base/java.util.ArrayList.forEach(ArrayList.java:1604)
	at java.base/java.util.ArrayList.forEach(ArrayList.java:1604)
]]></skipped>
    <system-out><![CDATA[[SKIP] 13:57:13.050 - Test skipped due to setup failure: Unexpected Error: MQException - MQJE001: Completion Code '2', Reason '2538'.
]]></system-out>
  </testcase>
  <testcase name="testDuplicatesQueue1" classname="com.mq.test.MQQueueComparisonTest" time="0">
    <skipped type="org.opentest4j.TestAbortedException"><![CDATA[org.opentest4j.TestAbortedException: Assumption failed: Setup failed: Unexpected Error: MQException - MQJE001: Completion Code '2', Reason '2538'.
	at org.junit.jupiter.api.Assumptions.throwAssumptionFailed(Assumptions.java:316)
	at org.junit.jupiter.api.Assumptions.assumeTrue(Assumptions.java:115)
	at com.mq.test.MQQueueComparisonTest.checkSetupSuccess(MQQueueComparisonTest.java:145)
	at com.mq.test.MQQueueComparisonTest.testDuplicatesQueue1(MQQueueComparisonTest.java:394)
	at java.base/java.lang.reflect.Method.invoke(Method.java:565)
	at java.base/java.util.ArrayList.forEach(ArrayList.java:1604)
	at java.base/java.util.ArrayList.forEach(ArrayList.java:1604)
]]></skipped>
    <system-out><![CDATA[[SKIP] 13:57:13.053 - Test skipped due to setup failure: Unexpected Error: MQException - MQJE001: Completion Code '2', Reason '2538'.
]]></system-out>
  </testcase>
  <testcase name="testDuplicatesQueue2" classname="com.mq.test.MQQueueComparisonTest" time="0">
    <skipped type="org.opentest4j.TestAbortedException"><![CDATA[org.opentest4j.TestAbortedException: Assumption failed: Setup failed: Unexpected Error: MQException - MQJE001: Completion Code '2', Reason '2538'.
	at org.junit.jupiter.api.Assumptions.throwAssumptionFailed(Assumptions.java:316)
	at org.junit.jupiter.api.Assumptions.assumeTrue(Assumptions.java:115)
	at com.mq.test.MQQueueComparisonTest.checkSetupSuccess(MQQueueComparisonTest.java:145)
	at com.mq.test.MQQueueComparisonTest.testDuplicatesQueue2(MQQueueComparisonTest.java:413)
	at java.base/java.lang.reflect.Method.invoke(Method.java:565)
	at java.base/java.util.ArrayList.forEach(ArrayList.java:1604)
	at java.base/java.util.ArrayList.forEach(ArrayList.java:1604)
]]></skipped>
    <system-out><![CDATA[[SKIP] 13:57:13.059 - Test skipped due to setup failure: Unexpected Error: MQException - MQJE001: Completion Code '2', Reason '2538'.
]]></system-out>
  </testcase>
  <testcase name="testSequenceQueue1" classname="com.mq.test.MQQueueComparisonTest" time="0">
    <skipped type="org.opentest4j.TestAbortedException"><![CDATA[org.opentest4j.TestAbortedException: Assumption failed: Setup failed: Unexpected Error: MQException - MQJE001: Completion Code '2', Reason '2538'.
	at org.junit.jupiter.api.Assumptions.throwAssumptionFailed(Assumptions.java:316)
	at org.junit.jupiter.api.Assumptions.assumeTrue(Assumptions.java:115)
	at com.mq.test.MQQueueComparisonTest.checkSetupSuccess(MQQueueComparisonTest.java:145)
	at com.mq.test.MQQueueComparisonTest.testSequenceQueue1(MQQueueComparisonTest.java:432)
	at java.base/java.lang.reflect.Method.invoke(Method.java:565)
	at java.base/java.util.ArrayList.forEach(ArrayList.java:1604)
	at java.base/java.util.ArrayList.forEach(ArrayList.java:1604)
]]></skipped>
    <system-out><![CDATA[[SKIP] 13:57:13.065 - Test skipped due to setup failure: Unexpected Error: MQException - MQJE001: Completion Code '2', Reason '2538'.
]]></system-out>
  </testcase>
  <testcase name="testSequenceQueue2" classname="com.mq.test.MQQueueComparisonTest" time="0">
    <skipped type="org.opentest4j.TestAbortedException"><![CDATA[org.opentest4j.TestAbortedException: Assumption failed: Setup failed: Unexpected Error: MQException - MQJE001: Completion Code '2', Reason '2538'.
	at org.junit.jupiter.api.Assumptions.throwAssumptionFailed(Assumptions.java:316)
	at org.junit.jupiter.api.Assumptions.assumeTrue(Assumptions.java:115)
	at com.mq.test.MQQueueComparisonTest.checkSetupSuccess(MQQueueComparisonTest.java:145)
	at com.mq.test.MQQueueComparisonTest.testSequenceQueue2(MQQueueComparisonTest.java:451)
	at java.base/java.lang.reflect.Method.invoke(Method.java:565)
	at java.base/java.util.ArrayList.forEach(ArrayList.java:1604)
	at java.base/java.util.ArrayList.forEach(ArrayList.java:1604)
]]></skipped>
    <system-out><![CDATA[[SKIP] 13:57:13.069 - Test skipped due to setup failure: Unexpected Error: MQException - MQJE001: Completion Code '2', Reason '2538'.
]]></system-out>
  </testcase>
  <testcase name="testPayloadChecksumComparison" classname="com.mq.test.MQQueueComparisonTest" time="0">
    <skipped type="org.opentest4j.TestAbortedException"><![CDATA[org.opentest4j.TestAbortedException: Assumption failed: Setup failed: Unexpected Error: MQException - MQJE001: Completion Code '2', Reason '2538'.
	at org.junit.jupiter.api.Assumptions.throwAssumptionFailed(Assumptions.java:316)
	at org.junit.jupiter.api.Assumptions.assumeTrue(Assumptions.java:115)
	at com.mq.test.MQQueueComparisonTest.checkSetupSuccess(MQQueueComparisonTest.java:145)
	at com.mq.test.MQQueueComparisonTest.testPayloadChecksumComparison(MQQueueComparisonTest.java:470)
	at java.base/java.lang.reflect.Method.invoke(Method.java:565)
	at java.base/java.util.ArrayList.forEach(ArrayList.java:1604)
	at java.base/java.util.ArrayList.forEach(ArrayList.java:1604)
]]></skipped>
    <system-out><![CDATA[[SKIP] 13:57:13.073 - Test skipped due to setup failure: Unexpected Error: MQException - MQJE001: Completion Code '2', Reason '2538'.
]]></system-out>
  </testcase>
  <testcase name="testStatisticalSummary" classname="com.mq.test.MQQueueComparisonTest" time="0">
    <skipped type="org.opentest4j.TestAbortedException"><![CDATA[org.opentest4j.TestAbortedException: Assumption failed: Setup failed: Unexpected Error: MQException - MQJE001: Completion Code '2', Reason '2538'.
	at org.junit.jupiter.api.Assumptions.throwAssumptionFailed(Assumptions.java:316)
	at org.junit.jupiter.api.Assumptions.assumeTrue(Assumptions.java:115)
	at com.mq.test.MQQueueComparisonTest.checkSetupSuccess(MQQueueComparisonTest.java:145)
	at com.mq.test.MQQueueComparisonTest.testStatisticalSummary(MQQueueComparisonTest.java:489)
	at java.base/java.lang.reflect.Method.invoke(Method.java:565)
	at java.base/java.util.ArrayList.forEach(ArrayList.java:1604)
	at java.base/java.util.ArrayList.forEach(ArrayList.java:1604)
]]></skipped>
    <system-out><![CDATA[[SKIP] 13:57:13.081 - Test skipped due to setup failure: Unexpected Error: MQException - MQJE001: Completion Code '2', Reason '2538'.
]]></system-out>
  </testcase>
</testsuite>